<?xml version="1.0" encoding="UTF-8"?>
<testng-results skipped="0" failed="0" ignored="0" total="1" passed="1">
  <reporter-output>
  </reporter-output>
  <suite name="Suite" duration-ms="14196" started-at="2018-10-28T17:55:32Z" finished-at="2018-10-28T17:55:46Z">
    <groups>
    </groups>
    <test name="Test" duration-ms="14196" started-at="2018-10-28T17:55:32Z" finished-at="2018-10-28T17:55:46Z">
      <class name="org.test.LoginTest">
        <test-method status="PASS" signature="loginToAmazon()[pri:0, instance:org.test.LoginTest@56ef9176]" name="loginToAmazon" duration-ms="14160" started-at="2018-10-28T23:25:32Z" finished-at="2018-10-28T23:25:46Z">
          <reporter-output>
          </reporter-output>
        </test-method> <!-- loginToAmazon -->
      </class> <!-- org.test.LoginTest -->
    </test> <!-- Test -->
  </suite> <!-- Suite -->
</testng-results>
